
*** Running vivado
    with args -log scalp_zynqps_scalp_axi_link_firmwareid_0.vds -m64 -product Vivado -mode batch -messageDb vivado.pb -notrace -source scalp_zynqps_scalp_axi_link_firmwareid_0.tcl



****** Vivado v2024.2 (64-bit)
  **** SW Build 5239630 on Fri Nov 08 22:35:27 MST 2024
  **** IP Build 5239520 on Sun Nov 10 16:12:51 MST 2024
  **** SharedData Build 5239561 on Fri Nov 08 14:39:27 MST 2024
  **** Start of session at: Mon May 19 09:21:09 2025
    ** Copyright 1986-2022 Xilinx, Inc. All Rights Reserved.
    ** Copyright 2022-2024 Advanced Micro Devices, Inc. All Rights Reserved.

source scalp_zynqps_scalp_axi_link_firmwareid_0.tcl -notrace
INFO: [IP_Flow 19-234] Refreshing IP repositories
INFO: [IP_Flow 19-1700] Loaded user IP repository 'c:/CochetLPSC/scalp_revc_windows'.
WARNING: [IP_Flow 19-3656] If you move the project, the path for repository 'c:/CochetLPSC/scalp_revc_windows' may become invalid. A better location for the repository would be in a path adjacent to the project. (Current project location is 'c:/CochetLPSC/scalp_revc_windows/scalp_user_design/scalp_user_design.runs/scalp_zynqps_scalp_axi_link_firmwareid_0_synth_1'.)
INFO: [IP_Flow 19-2313] Loaded Vivado IP repository 'C:/Xilinx/Vivado/2024.2/data/ip'.
INFO: [IP_Flow 19-6924] IPCACHE: Running cache check for IP inst: scalp_zynqps_scalp_axi_link_firmwareid_0
INFO: [IP_Flow 19-6922] IPCACHE: Exporting cached entry d92d62e881c45497 to dir: C:/CochetLPSC/scalp_revc_windows/scalp_user_design/scalp_user_design.runs/scalp_zynqps_scalp_axi_link_firmwareid_0_synth_1
INFO: [IP_Flow 19-6928] IPCACHE: copied cached file c:/CochetLPSC/scalp_revc_windows/scalp_user_design/scalp_user_design.cache/ip/2024.2/d/9/d92d62e881c45497/scalp_zynqps_scalp_axi_link_cplx_num_regs_0.dcp to C:/CochetLPSC/scalp_revc_windows/scalp_user_design/scalp_user_design.runs/scalp_zynqps_scalp_axi_link_firmwareid_0_synth_1/scalp_zynqps_scalp_axi_link_firmwareid_0.dcp.
INFO: [IP_Flow 19-6928] IPCACHE: copied cached file c:/CochetLPSC/scalp_revc_windows/scalp_user_design/scalp_user_design.cache/ip/2024.2/d/9/d92d62e881c45497/scalp_zynqps_scalp_axi_link_cplx_num_regs_0_sim_netlist.v to C:/CochetLPSC/scalp_revc_windows/scalp_user_design/scalp_user_design.runs/scalp_zynqps_scalp_axi_link_firmwareid_0_synth_1/scalp_zynqps_scalp_axi_link_firmwareid_0_sim_netlist.v.
INFO: [IP_Flow 19-6928] IPCACHE: copied cached file c:/CochetLPSC/scalp_revc_windows/scalp_user_design/scalp_user_design.cache/ip/2024.2/d/9/d92d62e881c45497/scalp_zynqps_scalp_axi_link_cplx_num_regs_0_sim_netlist.vhdl to C:/CochetLPSC/scalp_revc_windows/scalp_user_design/scalp_user_design.runs/scalp_zynqps_scalp_axi_link_firmwareid_0_synth_1/scalp_zynqps_scalp_axi_link_firmwareid_0_sim_netlist.vhdl.
INFO: [IP_Flow 19-6928] IPCACHE: copied cached file c:/CochetLPSC/scalp_revc_windows/scalp_user_design/scalp_user_design.cache/ip/2024.2/d/9/d92d62e881c45497/scalp_zynqps_scalp_axi_link_cplx_num_regs_0_stub.v to C:/CochetLPSC/scalp_revc_windows/scalp_user_design/scalp_user_design.runs/scalp_zynqps_scalp_axi_link_firmwareid_0_synth_1/scalp_zynqps_scalp_axi_link_firmwareid_0_stub.v.
INFO: [IP_Flow 19-6928] IPCACHE: copied cached file c:/CochetLPSC/scalp_revc_windows/scalp_user_design/scalp_user_design.cache/ip/2024.2/d/9/d92d62e881c45497/scalp_zynqps_scalp_axi_link_cplx_num_regs_0_stub.vhdl to C:/CochetLPSC/scalp_revc_windows/scalp_user_design/scalp_user_design.runs/scalp_zynqps_scalp_axi_link_firmwareid_0_synth_1/scalp_zynqps_scalp_axi_link_firmwareid_0_stub.vhdl.
INFO: [IP_Flow 19-4838] Using cached IP synthesis design for IP scalp_zynqps_scalp_axi_link_firmwareid_0, cache-ID = d92d62e881c45497.
INFO: [Common 17-206] Exiting Vivado at Mon May 19 09:21:16 2025...
