
*** Running vivado
    with args -log scalp_zynqps_sys_clock_0.vds -m64 -product Vivado -mode batch -messageDb vivado.pb -notrace -source scalp_zynqps_sys_clock_0.tcl



****** Vivado v2024.2 (64-bit)
  **** SW Build 5239630 on Fri Nov 08 22:35:27 MST 2024
  **** IP Build 5239520 on Sun Nov 10 16:12:51 MST 2024
  **** SharedData Build 5239561 on Fri Nov 08 14:39:27 MST 2024
  **** Start of session at: Mon May 19 09:19:46 2025
    ** Copyright 1986-2022 Xilinx, Inc. All Rights Reserved.
    ** Copyright 2022-2024 Advanced Micro Devices, Inc. All Rights Reserved.

source scalp_zynqps_sys_clock_0.tcl -notrace
INFO: [IP_Flow 19-234] Refreshing IP repositories
INFO: [IP_Flow 19-1700] Loaded user IP repository 'c:/CochetLPSC/scalp_revc_windows'.
WARNING: [IP_Flow 19-3656] If you move the project, the path for repository 'c:/CochetLPSC/scalp_revc_windows' may become invalid. A better location for the repository would be in a path adjacent to the project. (Current project location is 'c:/CochetLPSC/scalp_revc_windows/scalp_user_design/scalp_user_design.runs/scalp_zynqps_sys_clock_0_synth_1'.)
INFO: [IP_Flow 19-2313] Loaded Vivado IP repository 'C:/Xilinx/Vivado/2024.2/data/ip'.
INFO: [IP_Flow 19-6924] IPCACHE: Running cache check for IP inst: scalp_zynqps_sys_clock_0
Command: synth_design -top scalp_zynqps_sys_clock_0 -part xc7z015clg485-2 -incremental_mode off -mode out_of_context
Starting synth_design
Attempting to get a license for feature 'Synthesis' and/or device 'xc7z015'
INFO: [Common 17-349] Got license for feature 'Synthesis' and/or device 'xc7z015'
INFO: [Device 21-403] Loading part xc7z015clg485-2
INFO: [Synth 8-7079] Multithreading enabled for synth_design using a maximum of 2 processes.
INFO: [Synth 8-7078] Launching helper process for spawning children vivado processes
INFO: [Synth 8-7075] Helper process launched with PID 10772
---------------------------------------------------------------------------------
Starting RTL Elaboration : Time (s): cpu = 00:00:09 ; elapsed = 00:00:13 . Memory (MB): peak = 1077.363 ; gain = 467.746
---------------------------------------------------------------------------------
INFO: [Synth 8-6157] synthesizing module 'scalp_zynqps_sys_clock_0' [c:/CochetLPSC/scalp_revc_windows/scalp_zynqps/ip/scalp_zynqps_sys_clock_0/scalp_zynqps_sys_clock_0.v:65]
INFO: [Synth 8-6157] synthesizing module 'scalp_zynqps_sys_clock_0_clk_wiz' [c:/CochetLPSC/scalp_revc_windows/scalp_zynqps/ip/scalp_zynqps_sys_clock_0/scalp_zynqps_sys_clock_0_clk_wiz.v:65]
INFO: [Synth 8-6157] synthesizing module 'BUFG' [C:/Xilinx/Vivado/2024.2/scripts/rt/data/unisim_comp.v:2676]
INFO: [Synth 8-6155] done synthesizing module 'BUFG' (0#1) [C:/Xilinx/Vivado/2024.2/scripts/rt/data/unisim_comp.v:2676]
INFO: [Synth 8-6157] synthesizing module 'MMCME2_ADV' [C:/Xilinx/Vivado/2024.2/scripts/rt/data/unisim_comp.v:84588]
	Parameter BANDWIDTH bound to: OPTIMIZED - type: string 
	Parameter CLKFBOUT_MULT_F bound to: 8.000000 - type: double 
	Parameter CLKFBOUT_PHASE bound to: 0.000000 - type: double 
	Parameter CLKFBOUT_USE_FINE_PS bound to: FALSE - type: string 
	Parameter CLKIN1_PERIOD bound to: 8.000000 - type: double 
	Parameter CLKOUT0_DIVIDE_F bound to: 8.000000 - type: double 
	Parameter CLKOUT0_DUTY_CYCLE bound to: 0.500000 - type: double 
	Parameter CLKOUT0_PHASE bound to: 0.000000 - type: double 
	Parameter CLKOUT0_USE_FINE_PS bound to: FALSE - type: string 
	Parameter CLKOUT4_CASCADE bound to: FALSE - type: string 
	Parameter COMPENSATION bound to: ZHOLD - type: string 
	Parameter DIVCLK_DIVIDE bound to: 1 - type: integer 
	Parameter STARTUP_WAIT bound to: FALSE - type: string 
INFO: [Synth 8-6155] done synthesizing module 'MMCME2_ADV' (0#1) [C:/Xilinx/Vivado/2024.2/scripts/rt/data/unisim_comp.v:84588]
INFO: [Synth 8-6155] done synthesizing module 'scalp_zynqps_sys_clock_0_clk_wiz' (0#1) [c:/CochetLPSC/scalp_revc_windows/scalp_zynqps/ip/scalp_zynqps_sys_clock_0/scalp_zynqps_sys_clock_0_clk_wiz.v:65]
INFO: [Synth 8-6155] done synthesizing module 'scalp_zynqps_sys_clock_0' (0#1) [c:/CochetLPSC/scalp_revc_windows/scalp_zynqps/ip/scalp_zynqps_sys_clock_0/scalp_zynqps_sys_clock_0.v:65]
---------------------------------------------------------------------------------
Finished RTL Elaboration : Time (s): cpu = 00:00:11 ; elapsed = 00:00:16 . Memory (MB): peak = 1185.332 ; gain = 575.715
---------------------------------------------------------------------------------
---------------------------------------------------------------------------------
Start Handling Custom Attributes
---------------------------------------------------------------------------------
---------------------------------------------------------------------------------
Finished Handling Custom Attributes : Time (s): cpu = 00:00:11 ; elapsed = 00:00:16 . Memory (MB): peak = 1185.332 ; gain = 575.715
---------------------------------------------------------------------------------
---------------------------------------------------------------------------------
Finished RTL Optimization Phase 1 : Time (s): cpu = 00:00:11 ; elapsed = 00:00:16 . Memory (MB): peak = 1185.332 ; gain = 575.715
---------------------------------------------------------------------------------
Netlist sorting complete. Time (s): cpu = 00:00:00 ; elapsed = 00:00:00.001 . Memory (MB): peak = 1185.332 ; gain = 0.000
INFO: [Netlist 29-17] Analyzing 1 Unisim elements for replacement
INFO: [Netlist 29-28] Unisim Transformation completed in 0 CPU seconds
INFO: [Project 1-570] Preparing netlist for logic optimization

Processing XDC Constraints
Initializing timing engine
Parsing XDC File [c:/CochetLPSC/scalp_revc_windows/scalp_zynqps/ip/scalp_zynqps_sys_clock_0/scalp_zynqps_sys_clock_0_ooc.xdc] for cell 'inst'
Finished Parsing XDC File [c:/CochetLPSC/scalp_revc_windows/scalp_zynqps/ip/scalp_zynqps_sys_clock_0/scalp_zynqps_sys_clock_0_ooc.xdc] for cell 'inst'
Parsing XDC File [c:/CochetLPSC/scalp_revc_windows/scalp_zynqps/ip/scalp_zynqps_sys_clock_0/scalp_zynqps_sys_clock_0_board.xdc] for cell 'inst'
Finished Parsing XDC File [c:/CochetLPSC/scalp_revc_windows/scalp_zynqps/ip/scalp_zynqps_sys_clock_0/scalp_zynqps_sys_clock_0_board.xdc] for cell 'inst'
Parsing XDC File [c:/CochetLPSC/scalp_revc_windows/scalp_zynqps/ip/scalp_zynqps_sys_clock_0/scalp_zynqps_sys_clock_0.xdc] for cell 'inst'
Finished Parsing XDC File [c:/CochetLPSC/scalp_revc_windows/scalp_zynqps/ip/scalp_zynqps_sys_clock_0/scalp_zynqps_sys_clock_0.xdc] for cell 'inst'
Parsing XDC File [C:/CochetLPSC/scalp_revc_windows/scalp_user_design/scalp_user_design.runs/scalp_zynqps_sys_clock_0_synth_1/dont_touch.xdc]
Finished Parsing XDC File [C:/CochetLPSC/scalp_revc_windows/scalp_user_design/scalp_user_design.runs/scalp_zynqps_sys_clock_0_synth_1/dont_touch.xdc]
Completed Processing XDC Constraints

Netlist sorting complete. Time (s): cpu = 00:00:00 ; elapsed = 00:00:00 . Memory (MB): peak = 1193.363 ; gain = 0.000
INFO: [Project 1-111] Unisim Transformation Summary:
No Unisim elements were transformed.

INFO: [Timing 38-2] Deriving generated clocks
Constraint Validation Runtime : Time (s): cpu = 00:00:00 ; elapsed = 00:00:00.136 . Memory (MB): peak = 1195.051 ; gain = 1.688
INFO: [Designutils 20-5008] Incremental synthesis strategy off
---------------------------------------------------------------------------------
Finished Constraint Validation : Time (s): cpu = 00:00:24 ; elapsed = 00:00:31 . Memory (MB): peak = 1195.051 ; gain = 585.434
---------------------------------------------------------------------------------
---------------------------------------------------------------------------------
Start Loading Part and Timing Information
---------------------------------------------------------------------------------
Loading part: xc7z015clg485-2
---------------------------------------------------------------------------------
Finished Loading Part and Timing Information : Time (s): cpu = 00:00:24 ; elapsed = 00:00:31 . Memory (MB): peak = 1195.051 ; gain = 585.434
---------------------------------------------------------------------------------
---------------------------------------------------------------------------------
Start Applying 'set_property' XDC Constraints
---------------------------------------------------------------------------------
Applied set_property keep_hierarchy = soft for inst. (constraint file  c:/CochetLPSC/scalp_revc_windows/scalp_zynqps/ip/scalp_zynqps_sys_clock_0/scalp_zynqps_sys_clock_0_ooc.xdc, line 54).
Applied set_property KEEP_HIERARCHY = SOFT for inst. (constraint file  C:/CochetLPSC/scalp_revc_windows/scalp_user_design/scalp_user_design.runs/scalp_zynqps_sys_clock_0_synth_1/dont_touch.xdc, line 9).
---------------------------------------------------------------------------------
Finished applying 'set_property' XDC Constraints : Time (s): cpu = 00:00:24 ; elapsed = 00:00:31 . Memory (MB): peak = 1195.051 ; gain = 585.434
---------------------------------------------------------------------------------
---------------------------------------------------------------------------------
Finished RTL Optimization Phase 2 : Time (s): cpu = 00:00:24 ; elapsed = 00:00:31 . Memory (MB): peak = 1195.051 ; gain = 585.434
---------------------------------------------------------------------------------
---------------------------------------------------------------------------------
Start RTL Component Statistics 
---------------------------------------------------------------------------------
Detailed RTL Component Info : 
---------------------------------------------------------------------------------
Finished RTL Component Statistics 
---------------------------------------------------------------------------------
---------------------------------------------------------------------------------
Start Part Resource Summary
---------------------------------------------------------------------------------
Part Resources:
DSPs: 160 (col length:60)
BRAMs: 190 (col length: RAMB18 60 RAMB36 30)
---------------------------------------------------------------------------------
Finished Part Resource Summary
---------------------------------------------------------------------------------
---------------------------------------------------------------------------------
Start Cross Boundary and Area Optimization
---------------------------------------------------------------------------------
WARNING: [Synth 8-7080] Parallel synthesis criteria is not met
---------------------------------------------------------------------------------
Finished Cross Boundary and Area Optimization : Time (s): cpu = 00:00:27 ; elapsed = 00:00:34 . Memory (MB): peak = 1211.816 ; gain = 602.199
---------------------------------------------------------------------------------
---------------------------------------------------------------------------------
Start Applying XDC Timing Constraints
---------------------------------------------------------------------------------
---------------------------------------------------------------------------------
Finished Applying XDC Timing Constraints : Time (s): cpu = 00:00:37 ; elapsed = 00:00:46 . Memory (MB): peak = 1369.227 ; gain = 759.609
---------------------------------------------------------------------------------
---------------------------------------------------------------------------------
Start Timing Optimization
---------------------------------------------------------------------------------
---------------------------------------------------------------------------------
Finished Timing Optimization : Time (s): cpu = 00:00:37 ; elapsed = 00:00:46 . Memory (MB): peak = 1369.227 ; gain = 759.609
---------------------------------------------------------------------------------
---------------------------------------------------------------------------------
Start Technology Mapping
---------------------------------------------------------------------------------
---------------------------------------------------------------------------------
Finished Technology Mapping : Time (s): cpu = 00:00:37 ; elapsed = 00:00:46 . Memory (MB): peak = 1378.820 ; gain = 769.203
---------------------------------------------------------------------------------
---------------------------------------------------------------------------------
Start IO Insertion
---------------------------------------------------------------------------------
---------------------------------------------------------------------------------
Start Flattening Before IO Insertion
---------------------------------------------------------------------------------
---------------------------------------------------------------------------------
Finished Flattening Before IO Insertion
---------------------------------------------------------------------------------
---------------------------------------------------------------------------------
Start Final Netlist Cleanup
---------------------------------------------------------------------------------
---------------------------------------------------------------------------------
Finished Final Netlist Cleanup
---------------------------------------------------------------------------------
---------------------------------------------------------------------------------
Finished IO Insertion : Time (s): cpu = 00:00:44 ; elapsed = 00:00:54 . Memory (MB): peak = 1595.914 ; gain = 986.297
---------------------------------------------------------------------------------
---------------------------------------------------------------------------------
Start Renaming Generated Instances
---------------------------------------------------------------------------------
---------------------------------------------------------------------------------
Finished Renaming Generated Instances : Time (s): cpu = 00:00:44 ; elapsed = 00:00:54 . Memory (MB): peak = 1595.914 ; gain = 986.297
---------------------------------------------------------------------------------
---------------------------------------------------------------------------------
Start Rebuilding User Hierarchy
---------------------------------------------------------------------------------
---------------------------------------------------------------------------------
Finished Rebuilding User Hierarchy : Time (s): cpu = 00:00:44 ; elapsed = 00:00:54 . Memory (MB): peak = 1595.914 ; gain = 986.297
---------------------------------------------------------------------------------
---------------------------------------------------------------------------------
Start Renaming Generated Ports
---------------------------------------------------------------------------------
---------------------------------------------------------------------------------
Finished Renaming Generated Ports : Time (s): cpu = 00:00:44 ; elapsed = 00:00:54 . Memory (MB): peak = 1595.914 ; gain = 986.297
---------------------------------------------------------------------------------
---------------------------------------------------------------------------------
Start Handling Custom Attributes
---------------------------------------------------------------------------------
---------------------------------------------------------------------------------
Finished Handling Custom Attributes : Time (s): cpu = 00:00:44 ; elapsed = 00:00:54 . Memory (MB): peak = 1595.914 ; gain = 986.297
---------------------------------------------------------------------------------
---------------------------------------------------------------------------------
Start Renaming Generated Nets
---------------------------------------------------------------------------------
---------------------------------------------------------------------------------
Finished Renaming Generated Nets : Time (s): cpu = 00:00:44 ; elapsed = 00:00:54 . Memory (MB): peak = 1595.914 ; gain = 986.297
---------------------------------------------------------------------------------
---------------------------------------------------------------------------------
Start Writing Synthesis Report
---------------------------------------------------------------------------------

Report BlackBoxes: 
+-+--------------+----------+
| |BlackBox name |Instances |
+-+--------------+----------+
+-+--------------+----------+

Report Cell Usage: 
+------+-----------+------+
|      |Cell       |Count |
+------+-----------+------+
|1     |BUFG       |     3|
|2     |LUT1       |     1|
|3     |MMCME2_ADV |     1|
+------+-----------+------+
---------------------------------------------------------------------------------
Finished Writing Synthesis Report : Time (s): cpu = 00:00:44 ; elapsed = 00:00:54 . Memory (MB): peak = 1595.914 ; gain = 986.297
---------------------------------------------------------------------------------
Synthesis finished with 0 errors, 0 critical warnings and 1 warnings.
Synthesis Optimization Runtime : Time (s): cpu = 00:00:30 ; elapsed = 00:00:51 . Memory (MB): peak = 1595.914 ; gain = 976.578
Synthesis Optimization Complete : Time (s): cpu = 00:00:44 ; elapsed = 00:00:55 . Memory (MB): peak = 1595.914 ; gain = 986.297
INFO: [Project 1-571] Translating synthesized netlist
Netlist sorting complete. Time (s): cpu = 00:00:00 ; elapsed = 00:00:00 . Memory (MB): peak = 1595.914 ; gain = 0.000
INFO: [Netlist 29-17] Analyzing 1 Unisim elements for replacement
INFO: [Netlist 29-28] Unisim Transformation completed in 0 CPU seconds
INFO: [Project 1-570] Preparing netlist for logic optimization
INFO: [Opt 31-138] Pushed 0 inverter(s) to 0 load pin(s).
Netlist sorting complete. Time (s): cpu = 00:00:00 ; elapsed = 00:00:00 . Memory (MB): peak = 1608.656 ; gain = 0.000
INFO: [Project 1-111] Unisim Transformation Summary:
No Unisim elements were transformed.

Synth Design complete | Checksum: d0274733
INFO: [Common 17-83] Releasing license: Synthesis
30 Infos, 2 Warnings, 0 Critical Warnings and 0 Errors encountered.
synth_design completed successfully
synth_design: Time (s): cpu = 00:00:51 ; elapsed = 00:01:04 . Memory (MB): peak = 1608.656 ; gain = 1225.734
INFO: [Common 17-1381] The checkpoint 'C:/CochetLPSC/scalp_revc_windows/scalp_user_design/scalp_user_design.runs/scalp_zynqps_sys_clock_0_synth_1/scalp_zynqps_sys_clock_0.dcp' has been generated.
INFO: [Coretcl 2-1648] Added synthesis output to IP cache for IP scalp_zynqps_sys_clock_0, cache-ID = dd1ed6c54918a2b5
INFO: [Common 17-1381] The checkpoint 'C:/CochetLPSC/scalp_revc_windows/scalp_user_design/scalp_user_design.runs/scalp_zynqps_sys_clock_0_synth_1/scalp_zynqps_sys_clock_0.dcp' has been generated.
INFO: [Vivado 12-24828] Executing command : report_utilization -file scalp_zynqps_sys_clock_0_utilization_synth.rpt -pb scalp_zynqps_sys_clock_0_utilization_synth.pb
INFO: [Common 17-206] Exiting Vivado at Mon May 19 09:21:01 2025...
